www.taobao.com	XXYH6YCGFJYERTT834R52FDXV9U34	2017-02-21 12:40:49
www.taobao.com	XXYH6YCGFJYERTT834R52FDXV9U34	2017-02-21 09:40:49
www.taobao.com	XXYH6YCGFJYERTT834R52FDXV9U34	2017-02-21 08:40:51
www.taobao.com	VVVYH6Y4V4SFXZ56JIPDPB4V678	2017-02-21 12:40:49
www.taobao.com	BBYH61456FGHHJ7JL89RG5VV9UYU7	2017-02-21 08:40:51
www.taobao.com	VVVYH6Y4V4SFXZ56JIPDPB4V678	2017-02-21 08:40:52
www.taobao.com	BBYH61456FGHHJ7JL89RG5VV9UYU7	2017-02-21 12:40:49
www.taobao.com	BBYH61456FGHHJ7JL89RG5VV9UYU7	2017-02-21 09:40:49
www.taobao.com	ABYH6Y4V4SCVXTG6DPB4VH9U123	2017-02-21 08:40:53
www.taobao.com	ABYH6Y4V4SCVXTG6DPB4VH9U123	2017-02-21 09:40:49
www.taobao.com	ABYH6Y4V4SCVXTG6DPB4VH9U123	2017-02-21 10:40:49
www.taobao.com	XXYH6YCGFJYERTT834R52FDXV9U34	2017-02-21 12:40:49
www.taobao.com	ABYH6Y4V4SCVXTG6DPB4VH9U123	2017-02-21 08:40:50
www.taobao.com	CYYH6Y2345GHI899OFG4V9U567	2017-02-21 11:40:49
www.taobao.com	VVVYH6Y4V4SFXZ56JIPDPB4V678	2017-02-21 11:40:49
www.taobao.com	XXYH6YCGFJYERTT834R52FDXV9U34	2017-02-21 08:40:50
www.taobao.com	XXYH6YCGFJYERTT834R52FDXV9U34	2017-02-21 08:40:53
www.taobao.com	VVVYH6Y4V4SFXZ56JIPDPB4V678	2017-02-21 09:40:49
www.taobao.com	BBYH61456FGHHJ7JL89RG5VV9UYU7	2017-02-21 09:40:49
www.taobao.com	BBYH61456FGHHJ7JL89RG5VV9UYU7	2017-02-21 08:40:52
www.taobao.com	XXYH6YCGFJYERTT834R52FDXV9U34	2017-02-21 11:40:49
www.taobao.com	XXYH6YCGFJYERTT834R52FDXV9U34	2017-02-21 08:40:51
www.taobao.com	XXYH6YCGFJYERTT834R52FDXV9U34	2017-02-21 08:40:53
www.taobao.com	BBYH61456FGHHJ7JL89RG5VV9UYU7	2017-02-21 08:40:53
www.taobao.com	VVVYH6Y4V4SFXZ56JIPDPB4V678	2017-02-21 08:40:50
www.taobao.com	CYYH6Y2345GHI899OFG4V9U567	2017-02-21 08:40:53
www.taobao.com	BBYH61456FGHHJ7JL89RG5VV9UYU7	2017-02-21 12:40:49
www.taobao.com	XXYH6YCGFJYERTT834R52FDXV9U34	2017-02-21 11:40:49
www.taobao.com	XXYH6YCGFJYERTT834R52FDXV9U34	2017-02-21 08:40:50
www.taobao.com	XXYH6YCGFJYERTT834R52FDXV9U34	2017-02-21 08:40:53
www.taobao.com	BBYH61456FGHHJ7JL89RG5VV9UYU7	2017-02-21 08:40:52
www.taobao.com	CYYH6Y2345GHI899OFG4V9U567	2017-02-21 08:40:51
www.taobao.com	ABYH6Y4V4SCVXTG6DPB4VH9U123	2017-02-21 10:40:49
www.taobao.com	BBYH61456FGHHJ7JL89RG5VV9UYU7	2017-02-21 09:40:49
www.taobao.com	XXYH6YCGFJYERTT834R52FDXV9U34	2017-02-21 08:40:50
www.taobao.com	BBYH61456FGHHJ7JL89RG5VV9UYU7	2017-02-21 08:40:52
www.taobao.com	VVVYH6Y4V4SFXZ56JIPDPB4V678	2017-02-21 08:40:50
www.taobao.com	VVVYH6Y4V4SFXZ56JIPDPB4V678	2017-02-21 10:40:49
www.taobao.com	XXYH6YCGFJYERTT834R52FDXV9U34	2017-02-21 12:40:49
www.taobao.com	CYYH6Y2345GHI899OFG4V9U567	2017-02-21 10:40:49
www.taobao.com	XXYH6YCGFJYERTT834R52FDXV9U34	2017-02-21 08:40:52
www.taobao.com	BBYH61456FGHHJ7JL89RG5VV9UYU7	2017-02-21 12:40:49
www.taobao.com	VVVYH6Y4V4SFXZ56JIPDPB4V678	2017-02-21 08:40:51
www.taobao.com	XXYH6YCGFJYERTT834R52FDXV9U34	2017-02-21 08:40:51
www.taobao.com	BBYH61456FGHHJ7JL89RG5VV9UYU7	2017-02-21 08:40:52
www.taobao.com	BBYH61456FGHHJ7JL89RG5VV9UYU7	2017-02-21 08:40:51
www.taobao.com	XXYH6YCGFJYERTT834R52FDXV9U34	2017-02-21 08:40:53
www.taobao.com	VVVYH6Y4V4SFXZ56JIPDPB4V678	2017-02-21 08:40:53
www.taobao.com	CYYH6Y2345GHI899OFG4V9U567	2017-02-21 08:40:50
www.taobao.com	VVVYH6Y4V4SFXZ56JIPDPB4V678	2017-02-21 11:40:49
www.taobao.com	VVVYH6Y4V4SFXZ56JIPDPB4V678	2017-02-21 11:40:49
www.taobao.com	VVVYH6Y4V4SFXZ56JIPDPB4V678	2017-02-21 11:40:49
www.taobao.com	VVVYH6Y4V4SFXZ56JIPDPB4V678	2017-02-21 11:40:49
www.taobao.com	VVVYH6Y4V4SFXZ56JIPDPB4V678	2017-02-21 11:40:49
www.taobao.com	VVVYH6Y4V4SFXZ56JIPDPB4V678	2017-02-21 11:40:49
www.taobao.com	VVVYH6Y4V4SFXZ56JIPDPB4V678	2017-02-21 11:40:49
www.taobao.com	VVVYH6Y4V4SFXZ56JIPDPB4V678	2017-02-21 11:40:49
www.taobao.com	VVVYH6Y4V4SFXZ56JIPDPB4V678	2017-02-21 11:40:49
www.taobao.com	VVVYH6Y4V4SFXZ56JIPDPB4V678	2017-02-21 11:40:49
www.taobao.com	VVVYH6Y4V4SFXZ56JIPDPB4V678	2017-02-21 11:40:49
www.taobao.com	VVVYH6Y4V4SFXZ56JIPDPB4V678	2017-02-21 11:40:49
www.taobao.com	CYYH6Y2345GHI899OFG4V9U567	2017-02-21 08:40:50
www.taobao.com	CYYH6Y2345GHI899OFG4V9U567	2017-02-21 08:40:50
www.taobao.com	BBYH61456FGHHJ7JL89RG5VV9UYU7	2017-02-21 08:40:51
www.taobao.com	BBYH61456FGHHJ7JL89RG5VV9UYU7	2017-02-21 08:40:51
www.taobao.com	BBYH61456FGHHJ7JL89RG5VV9UYU7	2017-02-21 08:40:51
www.taobao.com	BBYH61456FGHHJ7JL89RG5VV9UYU7	2017-02-21 08:40:51
www.taobao.com	BBYH61456FGHHJ7JL89RG5VV9UYU7	2017-02-21 08:40:51
www.taobao.com	BBYH61456FGHHJ7JL89RG5VV9UYU7	2017-02-21 08:40:51
www.taobao.com	BBYH61456FGHHJ7JL89RG5VV9UYU7	2017-02-21 08:40:51
www.taobao.com	VVVYH6Y4V4SFXZ56JIPDPB4V678	2017-02-21 11:40:49
www.taobao.com	VVVYH6Y4V4SFXZ56JIPDPB4V678	2017-02-21 11:40:49
www.taobao.com	BBYH61456FGHHJ7JL89RG5VV9UYU7	2017-02-21 08:40:51
www.taobao.com	VVVYH6Y4V4SFXZ56JIPDPB4V678	2017-02-21 11:40:49
www.taobao.com	VVVYH6Y4V4SFXZ56JIPDPB4V678	2017-02-21 11:40:49
www.taobao.com	VVVYH6Y4V4SFXZ56JIPDPB4V678	2017-02-21 11:40:49
www.taobao.com	VVVYH6Y4V4SFXZ56JIPDPB4V678	2017-02-21 11:40:49
www.taobao.com	VVVYH6Y4V4SFXZ56JIPDPB4V678	2017-02-21 11:40:49
www.taobao.com	VVVYH6Y4V4SFXZ56JIPDPB4V678	2017-02-21 11:40:49
www.taobao.com	VVVYH6Y4V4SFXZ56JIPDPB4V678	2017-02-21 11:40:49
www.taobao.com	VVVYH6Y4V4SFXZ56JIPDPB4V678	2017-02-21 11:40:49
www.taobao.com	VVVYH6Y4V4SFXZ56JIPDPB4V678	2017-02-21 11:40:49
www.taobao.com	BBYH61456FGHHJ7JL89RG5VV9UYU7	2017-02-21 08:40:51
www.taobao.com	VVVYH6Y4V4SFXZ56JIPDPB4V678	2017-02-21 11:40:49
www.taobao.com	VVVYH6Y4V4SFXZ56JIPDPB4V678	2017-02-21 11:40:49
www.taobao.com	VVVYH6Y4V4SFXZ56JIPDPB4V678	2017-02-21 11:40:49